<?xml version="1.0" encoding="UTF-8"?>
<!-- Generated by org.testng.reporters.JUnitReportReporter -->
<testsuite hostname="HiccupDaDrgn" failures="0" tests="1" name="restAssuredAPITesting.Test_Patch" time="2.845" errors="0" timestamp="2020-12-30T21:22:56 PKT" skipped="0">
  <testcase classname="restAssuredAPITesting.Test_Patch" name="test_01" time="2.845"/>
  <system-out/>
</testsuite> <!-- restAssuredAPITesting.Test_Patch -->
