<?xml version="1.0" encoding="UTF-8"?>
<!-- Generated by org.testng.reporters.JUnitReportReporter -->
<testsuite hostname="HiccupDaDrgn" failures="0" tests="1" name="restAssuredAPITesting.TC001_SET_Test" time="0.120" errors="0" timestamp="2020-12-30T14:02:26 PKT" skipped="0">
  <testcase classname="restAssuredAPITesting.TC001_SET_Test" name="test_01" time="0.120"/>
  <system-out/>
</testsuite> <!-- restAssuredAPITesting.TC001_SET_Test -->
