<?xml version="1.0" encoding="UTF-8"?>
<!-- Generated by org.testng.reporters.JUnitReportReporter -->
<testsuite hostname="HiccupDaDrgn" failures="0" tests="1" name="jSonServerTests.Test_Delete" time="1.811" errors="0" timestamp="2020-12-30T22:58:35 PKT" skipped="0">
  <testcase classname="jSonServerTests.Test_Delete" name="test_01_delete" time="1.811"/>
  <system-out/>
</testsuite> <!-- jSonServerTests.Test_Delete -->
