<?xml version="1.0" encoding="UTF-8"?>
<!-- Generated by org.testng.reporters.JUnitReportReporter -->
<testsuite hostname="HiccupDaDrgn" failures="0" tests="1" name="restAssuredAPITesting.TC001_GET_Test" time="2.942" errors="0" timestamp="2020-12-30T14:26:30 PKT" skipped="0">
  <testcase classname="restAssuredAPITesting.TC001_GET_Test" name="test_02" time="2.942"/>
  <system-out/>
</testsuite> <!-- restAssuredAPITesting.TC001_GET_Test -->
