<?xml version="1.0" encoding="UTF-8"?>
<!-- Generated by org.testng.reporters.JUnitReportReporter -->
<testsuite hostname="HiccupDaDrgn" failures="0" tests="1" name="jSonServerTests.Test_GET" time="1.837" errors="0" timestamp="2020-12-30T22:39:08 PKT" skipped="0">
  <testcase classname="jSonServerTests.Test_GET" name="test_01_get" time="1.837"/>
  <system-out/>
</testsuite> <!-- jSonServerTests.Test_GET -->
