<?xml version="1.0" encoding="UTF-8"?>
<!-- Generated by org.testng.reporters.JUnitReportReporter -->
<testsuite hostname="HiccupDaDrgn" failures="0" tests="1" name="jSonServerTests.Test_PUT" time="1.885" errors="0" timestamp="2020-12-30T22:54:32 PKT" skipped="0">
  <testcase classname="jSonServerTests.Test_PUT" name="test_01_put" time="1.885"/>
  <system-out/>
</testsuite> <!-- jSonServerTests.Test_PUT -->
