<?xml version="1.0" encoding="UTF-8"?>
<!-- Generated by org.testng.reporters.JUnitReportReporter -->
<testsuite hostname="HiccupDaDrgn" failures="0" tests="1" name="restAssuredAPITesting.Test_GET" time="2.849" errors="0" timestamp="2020-12-30T17:05:26 PKT" skipped="0">
  <testcase classname="restAssuredAPITesting.Test_GET" name="test_01" time="2.849"/>
  <system-out/>
</testsuite> <!-- restAssuredAPITesting.Test_GET -->
