<?xml version="1.0" encoding="UTF-8"?>
<!-- Generated by org.testng.reporters.JUnitReportReporter -->
<testsuite hostname="HiccupDaDrgn" failures="0" tests="1" name="restAssuredAPITesting.TC001_SET_Test2" time="0.107" errors="0" timestamp="2020-12-30T14:02:05 PKT" skipped="0">
  <testcase classname="restAssuredAPITesting.TC001_SET_Test2" name="test_01" time="0.107"/>
  <system-out/>
</testsuite> <!-- restAssuredAPITesting.TC001_SET_Test2 -->
