<?xml version="1.0" encoding="UTF-8"?>
<!-- Generated by org.testng.reporters.JUnitReportReporter -->
<testsuite hostname="HiccupDaDrgn" failures="0" tests="1" name="restAssuredAPITesting.Test_Delete" time="2.642" errors="0" timestamp="2020-12-30T21:27:38 PKT" skipped="0">
  <testcase classname="restAssuredAPITesting.Test_Delete" name="test_01_delete" time="2.642"/>
  <system-out/>
</testsuite> <!-- restAssuredAPITesting.Test_Delete -->
