<?xml version="1.0" encoding="UTF-8"?>
<!-- Generated by org.testng.reporters.JUnitReportReporter -->
<testsuite hostname="HiccupDaDrgn" failures="0" tests="1" name="jSonServerTests.Test_POST" time="1.910" errors="0" timestamp="2020-12-30T22:59:16 PKT" skipped="0">
  <testcase classname="jSonServerTests.Test_POST" name="test_01_post" time="1.910"/>
  <system-out/>
</testsuite> <!-- jSonServerTests.Test_POST -->
