<?xml version="1.0" encoding="UTF-8"?>
<!-- Generated by org.testng.reporters.JUnitReportReporter -->
<testsuite hostname="HiccupDaDrgn" failures="0" tests="1" name="jSonServerTests.Test_Patch" time="1.912" errors="0" timestamp="2020-12-30T22:52:52 PKT" skipped="0">
  <testcase classname="jSonServerTests.Test_Patch" name="test_01_patch" time="1.912"/>
  <system-out/>
</testsuite> <!-- jSonServerTests.Test_Patch -->
