<?xml version="1.0" encoding="UTF-8"?>
<!-- Generated by org.testng.reporters.JUnitReportReporter -->
<testsuite hostname="HiccupDaDrgn" failures="0" tests="1" name="restAssuredAPITesting.Test_POST" time="2.847" errors="0" timestamp="2020-12-30T22:49:29 PKT" skipped="0">
  <testcase classname="restAssuredAPITesting.Test_POST" name="test_01_post" time="2.847"/>
  <system-out/>
</testsuite> <!-- restAssuredAPITesting.Test_POST -->
